<?xml version="1.0" encoding="UTF-8"?>
<!-- Generated by org.testng.reporters.JUnitReportReporter -->
<testsuite hostname="Nikitas-MacBook-Air.local" failures="0" tests="2" name="Amazon.SearchProduct" time="16.331" errors="0" timestamp="2024-03-01T09:15:39 IST" skipped="0">
  <testcase classname="Amazon.SearchProduct" name="openApp" time="11.838"/>
  <system-out/>
  <testcase classname="Amazon.SearchProduct" name="searchProduct" time="4.493"/>
  <system-out/>
</testsuite> <!-- Amazon.SearchProduct -->
