<?xml version="1.0" encoding="UTF-8"?>
<!-- Generated by org.testng.reporters.JUnitReportReporter -->
<testsuite hostname="Nikitas-MacBook-Air.local" failures="0" tests="2" name="Amazon.AddProductToCart" time="23.411" errors="0" timestamp="2024-03-01T09:15:39 IST" skipped="0">
  <testcase classname="Amazon.AddProductToCart" name="openApp" time="9.449"/>
  <system-out/>
  <testcase classname="Amazon.AddProductToCart" name="addToCart" time="13.962"/>
  <system-out/>
</testsuite> <!-- Amazon.AddProductToCart -->
